<?xml version="1.0" encoding="UTF-8"?>
<testng-results ignored="0" total="1" passed="1" failed="0" skipped="0">
  <reporter-output>
  </reporter-output>
  <suite started-at="2024-06-20T15:21:15 PDT" name="Default suite" finished-at="2024-06-20T15:22:11 PDT" duration-ms="55267">
    <groups>
    </groups>
    <test started-at="2024-06-20T15:21:15 PDT" name="Default test" finished-at="2024-06-20T15:22:11 PDT" duration-ms="55267">
      <class name="tests.DemoblazeWithExcelReading">
        <test-method signature="test()[pri:0, instance:tests.DemoblazeWithExcelReading@74ea2410]" started-at="2024-06-20T15:21:16 PDT" name="test" finished-at="2024-06-20T15:22:11 PDT" duration-ms="55189" status="PASS">
          <reporter-output>
          </reporter-output>
        </test-method> <!-- test -->
      </class> <!-- tests.DemoblazeWithExcelReading -->
    </test> <!-- Default test -->
  </suite> <!-- Default suite -->
</testng-results>
